TN:
SF:/Users/jack/Downloads/react_from_zero/src/Action/index.js
FN:6,demoSetState
FN:7,(anonymous_2)
FN:13,change
FN:14,(anonymous_4)
FNF:4
FNH:0
FNDA:0,demoSetState
FNDA:0,(anonymous_2)
FNDA:0,change
FNDA:0,(anonymous_4)
DA:1,1
DA:7,0
DA:8,0
DA:14,0
DA:15,0
LF:5
LH:1
BRDA:18,0,0,0
BRDA:18,0,1,0
BRDA:19,1,0,0
BRDA:19,1,1,0
BRF:4
BRH:0
end_of_record
TN:
SF:/Users/jack/Downloads/react_from_zero/src/Store/types.js
FNF:0
FNH:0
DA:1,1
LF:1
LH:1
BRF:0
BRH:0
end_of_record
TN:
SF:/Users/jack/Downloads/react_from_zero/src/View/Home/index.js
FNF:0
FNH:0
DA:1,1
DA:2,1
DA:3,1
DA:4,1
DA:5,1
DA:6,1
DA:7,1
DA:9,1
DA:16,1
DA:21,1
LF:10
LH:10
BRDA:26,0,0,1
BRDA:26,0,1,0
BRF:2
BRH:1
end_of_record
